2026-02-18 20:59:17,634 [INFO] Health check called
2026-02-18 21:01:40,023 [INFO] Health check called
2026-02-18 21:01:47,979 [INFO] Health check called
2026-02-18 21:04:59,785 [INFO] Health check called
2026-02-18 21:06:49,377 [ERROR] Validation error: [{'type': 'int_parsing', 'loc': ('body', 'Deductible'), 'msg': 'Input should be a valid integer, unable to parse string as an integer', 'input': 'wrong_value'}]
2026-02-18 21:07:09,865 [WARNING] 404 Not Found: http://127.0.0.1:8000/wrongurl
2026-02-18 21:09:44,914 [INFO] Health check called
2026-02-18 21:10:09,901 [ERROR] Validation error: [{'type': 'int_parsing', 'loc': ('body', 'Deductible'), 'msg': 'Input should be a valid integer, unable to parse string as an integer', 'input': 'wrong_value'}]
2026-02-18 21:10:28,847 [INFO] Prediction request: {'Deductible': 400, 'Days_Policy_Accident': 'more than 30', 'PastNumberOfClaims': 'none', 'Days_Policy_Claim': 'more than 30', 'AgeOfPolicyHolder': '26 to 30', 'PolicyType': 'Sedan - All Perils', 'Fault': 'Policy Holder', 'VehiclePrice': 'more than 69000', 'DriverRating': 1, 'Make': 'Honda', 'AccidentArea': 'Urban'}
2026-02-18 21:10:28,914 [INFO] Prediction result: {'prediction': 'FRAUDULENT', 'fraud_probability': 74.91, 'legitimate_probability': 25.09, 'risk_level': 'HIGH', 'message': 'Manual review required!'}
2026-02-18 21:24:58,353 [INFO] Health check called
2026-02-18 21:25:04,134 [INFO] Health check called
2026-02-18 21:25:05,956 [INFO] Health check called
2026-02-18 21:25:52,811 [INFO] Health check called
2026-02-18 21:28:23,811 [WARNING] Unauthorized access attempt with key: None
2026-02-18 21:31:13,612 [INFO] Prediction request: {'Deductible': 400, 'Days_Policy_Accident': 'more than 30', 'PastNumberOfClaims': 'none', 'Days_Policy_Claim': 'more than 30', 'AgeOfPolicyHolder': '26 to 30', 'PolicyType': 'Sedan - All Perils', 'Fault': 'Policy Holder', 'VehiclePrice': 'more than 69000', 'DriverRating': 1, 'Make': 'Honda', 'AccidentArea': 'Urban'}
2026-02-18 21:31:13,671 [INFO] Prediction result: {'prediction': 'FRAUDULENT', 'fraud_probability': 74.91, 'legitimate_probability': 25.09, 'risk_level': 'HIGH', 'message': 'Manual review required!'}
2026-02-19 20:22:22,806 [WARNING] Unauthorized access attempt with key: None
2026-02-19 20:24:46,994 [INFO] Prediction request: {'Deductible': 400, 'Days_Policy_Accident': 'more than 30', 'PastNumberOfClaims': 'none', 'Days_Policy_Claim': 'more than 30', 'AgeOfPolicyHolder': '26 to 30', 'PolicyType': 'Sedan - All Perils', 'Fault': 'Policy Holder', 'VehiclePrice': 'more than 69000', 'DriverRating': 1, 'Make': 'Honda', 'AccidentArea': 'Urban'}
2026-02-19 20:24:47,023 [INFO] Prediction result: {'prediction': 'FRAUDULENT', 'fraud_probability': 74.91, 'legitimate_probability': 25.09, 'risk_level': 'HIGH', 'message': 'Manual review required!'}
2026-02-19 20:26:10,503 [ERROR] Validation error: [{'type': 'int_parsing', 'loc': ('body', 'Deductible'), 'msg': 'Input should be a valid integer, unable to parse string as an integer', 'input': 'wrong'}]
2026-02-19 20:26:25,697 [WARNING] Unauthorized access attempt with key: Honey@14552
2026-02-19 20:26:53,591 [ERROR] Validation error: [{'type': 'int_parsing', 'loc': ('body', 'Deductible'), 'msg': 'Input should be a valid integer, unable to parse string as an integer', 'input': 'wrong'}]
2026-02-19 20:27:51,472 [INFO] Prediction request: {'Deductible': 400, 'Days_Policy_Accident': 'more than 30', 'PastNumberOfClaims': 'none', 'Days_Policy_Claim': 'more than 30', 'AgeOfPolicyHolder': '26 to 30', 'PolicyType': 'Sedan - All Perils', 'Fault': 'Policy Holder', 'VehiclePrice': 'more than 69000', 'DriverRating': 1, 'Make': 'Honda', 'AccidentArea': 'Urban'}
2026-02-19 20:27:51,497 [INFO] Prediction result: {'prediction': 'FRAUDULENT', 'fraud_probability': 74.91, 'legitimate_probability': 25.09, 'risk_level': 'HIGH', 'message': 'Manual review required!'}
2026-02-23 14:25:56,018 [INFO] Health check called
2026-02-23 14:25:56,091 [WARNING] 404 Not Found: http://127.0.0.1:8000/favicon.ico
2026-02-23 14:29:08,775 [INFO] Prediction request: {'Deductible': 400, 'Days_Policy_Accident': 'more than 30', 'PastNumberOfClaims': 'none', 'Days_Policy_Claim': 'more than 30', 'AgeOfPolicyHolder': '26 to 30', 'PolicyType': 'Sedan - All Perils', 'Fault': 'Policy Holder', 'VehiclePrice': 'more than 69000', 'DriverRating': 1, 'Make': 'Honda', 'AccidentArea': 'Urban'}
2026-02-23 14:29:08,858 [INFO] Prediction result: {'prediction': 'FRAUDULENT', 'fraud_probability': 74.91, 'legitimate_probability': 25.09, 'risk_level': 'HIGH', 'message': 'Manual review required!'}
2026-02-23 14:33:16,259 [INFO] Prediction request: {'Deductible': 400, 'Days_Policy_Accident': 'more than 30', 'PastNumberOfClaims': 'none', 'Days_Policy_Claim': 'more than 30', 'AgeOfPolicyHolder': '26 to 30', 'PolicyType': 'Sedan - All Perils', 'Fault': 'Policy Holder', 'VehiclePrice': 'more than 69000', 'DriverRating': 1, 'Make': 'Honda', 'AccidentArea': 'Urban'}
2026-02-23 14:33:16,315 [INFO] Prediction result: {'prediction': 'FRAUDULENT', 'fraud_probability': 74.91, 'legitimate_probability': 25.09, 'risk_level': 'HIGH', 'message': 'Manual review required!'}
2026-02-23 14:44:57,518 [WARNING] Unauthorized access attempt with key: None
2026-02-23 14:45:07,625 [INFO] Prediction request: {'Deductible': 400, 'Days_Policy_Accident': 'more than 30', 'PastNumberOfClaims': 'none', 'Days_Policy_Claim': 'more than 30', 'AgeOfPolicyHolder': '26 to 30', 'PolicyType': 'Sedan - All Perils', 'Fault': 'Policy Holder', 'VehiclePrice': 'more than 69000', 'DriverRating': 1, 'Make': 'Honda', 'AccidentArea': 'Urban'}
2026-02-23 14:45:07,697 [INFO] Prediction result: {'prediction': 'FRAUDULENT', 'fraud_probability': 74.91, 'legitimate_probability': 25.09, 'risk_level': 'HIGH', 'message': 'Manual review required!'}
2026-02-23 14:59:56,382 [INFO] Health check called
2026-02-23 14:59:56,495 [WARNING] 404 Not Found: http://127.0.0.1:8000/favicon.ico
2026-02-23 15:00:36,942 [WARNING] Unauthorized access attempt with key: None
2026-02-23 15:00:46,608 [INFO] Prediction request: {'Deductible': 400, 'Days_Policy_Accident': 'more than 30', 'PastNumberOfClaims': 'none', 'Days_Policy_Claim': 'more than 30', 'AgeOfPolicyHolder': '26 to 30', 'PolicyType': 'Sedan - All Perils', 'Fault': 'Policy Holder', 'VehiclePrice': 'more than 69000', 'DriverRating': 1, 'Make': 'Honda', 'AccidentArea': 'Urban'}
2026-02-23 15:00:46,655 [INFO] Prediction result: {'prediction': 'FRAUDULENT', 'fraud_probability': 74.91, 'legitimate_probability': 25.09, 'risk_level': 'HIGH', 'message': 'Manual review required!'}
2026-02-23 15:42:02,062 [INFO] Prediction request: {'Deductible': 400, 'Days_Policy_Accident': 'more than 30', 'PastNumberOfClaims': 'none', 'Days_Policy_Claim': 'more than 30', 'AgeOfPolicyHolder': '26 to 30', 'PolicyType': 'Sedan - All Perils', 'Fault': 'Policy Holder', 'VehiclePrice': 'more than 69000', 'DriverRating': 1, 'Make': 'Honda', 'AccidentArea': 'Urban'}
2026-02-23 15:42:02,124 [INFO] Prediction result: {'prediction': 'FRAUDULENT', 'fraud_probability': 74.91, 'legitimate_probability': 25.09, 'risk_level': 'HIGH', 'message': 'Manual review required!'}
2026-02-23 15:42:49,996 [ERROR] Validation error: [{'type': 'json_invalid', 'loc': ('body', 18), 'msg': 'JSON decode error', 'input': {}, 'ctx': {'error': 'Expecting value'}}]
2026-02-26 09:10:43,506 [INFO] Health check called
2026-02-26 09:10:43,576 [WARNING] 404 Not Found: http://127.0.0.1:8000/favicon.ico
2026-02-26 09:12:24,161 [INFO] Prediction request: {'Deductible': 400, 'Days_Policy_Accident': 'more than 30', 'PastNumberOfClaims': 'none', 'Days_Policy_Claim': 'more than 30', 'AgeOfPolicyHolder': '26 to 30', 'PolicyType': 'Sedan - All Perils', 'Fault': 'Policy Holder', 'VehiclePrice': 'more than 69000', 'DriverRating': 1, 'Make': 'Honda', 'AccidentArea': 'Urban'}
2026-02-26 09:12:24,244 [INFO] Prediction result: {'prediction': 'FRAUDULENT', 'fraud_probability': 74.91, 'legitimate_probability': 25.09, 'risk_level': 'HIGH', 'message': 'Manual review required!'}
2026-02-26 20:49:43,301 [INFO] Prediction request: {'Deductible': 900, 'Days_Policy_Accident': '1 to 7', 'PastNumberOfClaims': 'more than 4', 'Days_Policy_Claim': '8 to 15', 'AgeOfPolicyHolder': 'over 65', 'PolicyType': 'Sport - Collision', 'Fault': 'Third Party', 'VehiclePrice': 'less than 20000', 'DriverRating': 4, 'Make': 'Mercury', 'AccidentArea': 'Urban'}
2026-02-26 20:49:43,326 [INFO] Prediction result: {'prediction': 'LEGITIMATE', 'fraud_probability': 13.06, 'legitimate_probability': 86.94, 'risk_level': 'LOW', 'message': 'Can be auto-approved'}
2026-02-26 20:51:23,686 [INFO] Prediction request: {'Deductible': 400, 'Days_Policy_Accident': '1 to 7', 'PastNumberOfClaims': '2 to 4', 'Days_Policy_Claim': '8 to 15', 'AgeOfPolicyHolder': '26 to 30', 'PolicyType': 'Sedan - All Perils', 'Fault': 'Policy Holder', 'VehiclePrice': 'more than 69000', 'DriverRating': 1, 'Make': 'Honda', 'AccidentArea': 'Urban'}
2026-02-26 20:51:23,707 [INFO] Prediction result: {'prediction': 'FRAUDULENT', 'fraud_probability': 65.12, 'legitimate_probability': 34.88, 'risk_level': 'MEDIUM', 'message': 'Additional verification needed'}
2026-03-03 20:48:17,392 [INFO] Health check called
2026-03-03 20:48:17,428 [WARNING] 404 Not Found: http://127.0.0.1:8000/favicon.ico
2026-03-03 20:48:26,111 [INFO] Prediction request: {'Deductible': 900, 'Days_Policy_Accident': 'none', 'PastNumberOfClaims': 'more than 4', 'Days_Policy_Claim': 'more than 30', 'AgeOfPolicyHolder': '18 to 20', 'PolicyType': 'Sedan - All Perils', 'Fault': 'Third Party', 'VehiclePrice': '40000 to 59000', 'DriverRating': 3, 'Make': 'Chevrolet', 'AccidentArea': 'Rural'}
2026-03-03 20:48:26,139 [INFO] Prediction result: {'prediction': 'FRAUDULENT', 'fraud_probability': 58.73, 'legitimate_probability': 41.27, 'risk_level': 'MEDIUM', 'message': 'Additional verification needed'}
2026-03-03 20:50:33,995 [INFO] Prediction request: {'Deductible': 400, 'Days_Policy_Accident': 'more than 30', 'PastNumberOfClaims': 'none', 'Days_Policy_Claim': 'none', 'AgeOfPolicyHolder': '36 to 40', 'PolicyType': 'Sedan - All Perils', 'Fault': 'Policy Holder', 'VehiclePrice': '20000 to 29000', 'DriverRating': 4, 'Make': 'Honda', 'AccidentArea': 'Rural'}
2026-03-03 20:50:34,013 [INFO] Prediction result: {'prediction': 'FRAUDULENT', 'fraud_probability': 69.91, 'legitimate_probability': 30.09, 'risk_level': 'MEDIUM', 'message': 'Additional verification needed'}
2026-04-08 11:11:49,090 [INFO] Health check called
2026-04-08 11:11:49,165 [WARNING] 404 Not Found: http://127.0.0.1:8000/favicon.ico
2026-04-08 11:12:00,298 [INFO] Health check called
2026-04-08 11:12:13,853 [INFO] Health check called
2026-04-08 11:12:50,856 [WARNING] Unauthorized access attempt with key: None
2026-04-08 11:13:03,228 [INFO] Prediction request: {'Deductible': 400, 'Days_Policy_Accident': 'more than 30', 'PastNumberOfClaims': 'none', 'Days_Policy_Claim': 'more than 30', 'AgeOfPolicyHolder': '26 to 30', 'PolicyType': 'Sedan - All Perils', 'Fault': 'Policy Holder', 'VehiclePrice': 'more than 69000', 'DriverRating': 1, 'Make': 'Honda', 'AccidentArea': 'Urban'}
2026-04-08 11:13:03,310 [INFO] Prediction result: {'prediction': 'FRAUDULENT', 'fraud_probability': 74.91, 'legitimate_probability': 25.09, 'risk_level': 'HIGH', 'message': 'Manual review required!'}
2026-04-08 11:14:26,055 [INFO] Prediction request: {'Deductible': 400, 'Days_Policy_Accident': 'more than 30', 'PastNumberOfClaims': 'none', 'Days_Policy_Claim': 'more than 30', 'AgeOfPolicyHolder': '26 to 30', 'PolicyType': 'Sedan - All Perils', 'Fault': 'Policy Holder', 'VehiclePrice': 'more than 69000', 'DriverRating': 1, 'Make': 'Honda', 'AccidentArea': 'Urban'}
2026-04-08 11:14:26,108 [INFO] Prediction result: {'prediction': 'FRAUDULENT', 'fraud_probability': 74.91, 'legitimate_probability': 25.09, 'risk_level': 'HIGH', 'message': 'Manual review required!'}
2026-04-08 11:27:22,667 [WARNING] Unauthorized access attempt with key: None
2026-04-08 11:27:31,635 [INFO] Prediction request: {'Deductible': 400, 'Days_Policy_Accident': 'more than 30', 'PastNumberOfClaims': 'none', 'Days_Policy_Claim': 'more than 30', 'AgeOfPolicyHolder': '26 to 30', 'PolicyType': 'Sedan - All Perils', 'Fault': 'Policy Holder', 'VehiclePrice': 'more than 69000', 'DriverRating': 1, 'Make': 'Honda', 'AccidentArea': 'Urban'}
2026-04-08 11:27:31,691 [INFO] Prediction result: {'prediction': 'FRAUDULENT', 'fraud_probability': 74.91, 'legitimate_probability': 25.09, 'risk_level': 'HIGH', 'message': 'Manual review required!'}
2026-04-08 11:30:18,605 [INFO] Health check called
2026-04-08 13:00:38,718 [INFO] Health check called
2026-04-08 13:00:38,773 [WARNING] 404 Not Found: http://127.0.0.1:8000/favicon.ico
2026-04-08 13:01:26,397 [INFO] Prediction request: {'Deductible': 400, 'Days_Policy_Accident': 'more than 30', 'PastNumberOfClaims': 'none', 'Days_Policy_Claim': 'more than 30', 'AgeOfPolicyHolder': '26 to 30', 'PolicyType': 'Sedan - All Perils', 'Fault': 'Policy Holder', 'VehiclePrice': 'more than 69000', 'DriverRating': 1, 'Make': 'Honda', 'AccidentArea': 'Urban'}
2026-04-08 13:01:26,448 [INFO] Prediction result: {'prediction': 'FRAUDULENT', 'fraud_probability': 74.91, 'legitimate_probability': 25.09, 'risk_level': 'HIGH', 'message': 'Manual review required!'}
2026-04-08 13:02:20,056 [INFO] Prediction request: {'Deductible': 400, 'Days_Policy_Accident': 'more than 30', 'PastNumberOfClaims': 'none', 'Days_Policy_Claim': 'more than 30', 'AgeOfPolicyHolder': '26 to 30', 'PolicyType': 'Sedan - All Perils', 'Fault': 'Policy Holder', 'VehiclePrice': 'more than 69000', 'DriverRating': 1, 'Make': 'Honda', 'AccidentArea': 'Urban'}
2026-04-08 13:02:20,080 [INFO] Prediction result: {'prediction': 'FRAUDULENT', 'fraud_probability': 74.91, 'legitimate_probability': 25.09, 'risk_level': 'HIGH', 'message': 'Manual review required!'}
